[  1941.512] 
X.Org X Server 1.20.10
X Protocol Version 11, Revision 0
[  1941.520] Build Operating System: Linux 5.4.97-gentoo x86_64 Gentoo
[  1941.524] Current Operating System: Linux Aryan_Gentoo 5.4.97-gentoo #1 SMP Thu Feb 25 01:58:45 -00 2021 x86_64
[  1941.524] Kernel command line: BOOT_IMAGE=/vmlinuz-5.4.97-gentoo root=UUID=f2828683-7b4d-487f-9346-bdd3b1c3447d ro
[  1941.532] Build Date: 16 March 2021  03:00:50PM
[  1941.535]  
[  1941.537] Current version of pixman: 0.40.0
[  1941.543] 	Before reporting problems, check http://wiki.x.org
	to make sure that you have the latest version.
[  1941.543] Markers: (--) probed, (**) from config file, (==) default setting,
	(++) from command line, (!!) notice, (II) informational,
	(WW) warning, (EE) error, (NI) not implemented, (??) unknown.
[  1941.557] (==) Log file: "/var/log/Xorg.0.log", Time: Tue Mar 16 15:16:38 2021
[  1941.560] (==) Using system config directory "/usr/share/X11/xorg.conf.d"
[  1941.560] (==) No Layout section.  Using the first Screen section.
[  1941.560] (==) No screen section available. Using defaults.
[  1941.560] (**) |-->Screen "Default Screen Section" (0)
[  1941.560] (**) |   |-->Monitor "<default monitor>"
[  1941.561] (==) No monitor specified for screen "Default Screen Section".
	Using a default monitor configuration.
[  1941.561] (==) Automatically adding devices
[  1941.561] (==) Automatically enabling devices
[  1941.561] (==) Automatically adding GPU devices
[  1941.561] (==) Max clients allowed: 256, resource mask: 0x1fffff
[  1941.561] (WW) The directory "/usr/share/fonts/TTF/" does not exist.
[  1941.561] 	Entry deleted from font path.
[  1941.561] (WW) The directory "/usr/share/fonts/OTF/" does not exist.
[  1941.561] 	Entry deleted from font path.
[  1941.561] (WW) The directory "/usr/share/fonts/Type1/" does not exist.
[  1941.561] 	Entry deleted from font path.
[  1941.561] (WW) `fonts.dir' not found (or not valid) in "/usr/share/fonts/100dpi/".
[  1941.561] 	Entry deleted from font path.
[  1941.561] 	(Run 'mkfontdir' on "/usr/share/fonts/100dpi/").
[  1941.561] (==) FontPath set to:
	/usr/share/fonts/misc/,
	/usr/share/fonts/75dpi/
[  1941.561] (==) ModulePath set to "/usr/lib64/xorg/modules"
[  1941.561] (II) The server relies on udev to provide the list of input devices.
	If no devices become available, reconfigure udev or disable AutoAddDevices.
[  1941.561] (II) Loader magic: 0x5574fbb33ce0
[  1941.561] (II) Module ABI versions:
[  1941.561] 	X.Org ANSI C Emulation: 0.4
[  1941.561] 	X.Org Video Driver: 24.1
[  1941.561] 	X.Org XInput driver : 24.1
[  1941.561] 	X.Org Server Extension : 10.0
[  1941.562] (++) using VT number 1

[  1941.565] (II) systemd-logind: took control of session /org/freedesktop/login1/session/_31
[  1941.568] (--) PCI:*(0@0:2:0) 15ad:0405:15ad:0405 rev 0, Mem @ 0xe0000000/33554432, 0xe2400000/2097152, I/O @ 0x0000c170/16, BIOS @ 0x????????/131072
[  1941.568] (II) LoadModule: "glx"
[  1941.568] (II) Loading /usr/lib64/xorg/modules/extensions/libglx.so
[  1941.569] (II) Module glx: vendor="X.Org Foundation"
[  1941.569] 	compiled for 1.20.10, module version = 1.0.0
[  1941.569] 	ABI class: X.Org Server Extension, version 10.0
[  1941.569] (==) Matched vmware as autoconfigured driver 0
[  1941.569] (==) Matched modesetting as autoconfigured driver 1
[  1941.569] (==) Matched fbdev as autoconfigured driver 2
[  1941.569] (==) Matched vesa as autoconfigured driver 3
[  1941.569] (==) Assigned the driver to the xf86ConfigLayout
[  1941.569] (II) LoadModule: "vmware"
[  1941.569] (WW) Warning, couldn't open module vmware
[  1941.569] (EE) Failed to load module "vmware" (module does not exist, 0)
[  1941.569] (II) LoadModule: "modesetting"
[  1941.570] (II) Loading /usr/lib64/xorg/modules/drivers/modesetting_drv.so
[  1941.570] (II) Module modesetting: vendor="X.Org Foundation"
[  1941.570] 	compiled for 1.20.10, module version = 1.20.10
[  1941.570] 	Module class: X.Org Video Driver
[  1941.570] 	ABI class: X.Org Video Driver, version 24.1
[  1941.570] (II) LoadModule: "fbdev"
[  1941.570] (WW) Warning, couldn't open module fbdev
[  1941.570] (EE) Failed to load module "fbdev" (module does not exist, 0)
[  1941.570] (II) LoadModule: "vesa"
[  1941.571] (WW) Warning, couldn't open module vesa
[  1941.571] (EE) Failed to load module "vesa" (module does not exist, 0)
[  1941.571] (II) modesetting: Driver for Modesetting Kernel Drivers: kms
[  1941.571] (EE) open /dev/dri/card0: No such file or directory
[  1941.571] (WW) Falling back to old probe method for modesetting
[  1941.571] (EE) open /dev/dri/card0: No such file or directory
[  1941.571] (EE) Screen 0 deleted because of no matching config section.
[  1941.571] (II) UnloadModule: "modesetting"
[  1941.571] (EE) Device(s) detected, but none match those in the config file.
[  1941.571] (EE) 
Fatal server error:
[  1941.571] (EE) no screens found(EE) 
[  1941.571] (EE) 
Please consult the The X.Org Foundation support 
	 at http://wiki.x.org
 for help. 
[  1941.571] (EE) Please also check the log file at "/var/log/Xorg.0.log" for additional information.
[  1941.571] (EE) 
[  1941.582] (EE) Server terminated with error (1). Closing log file.
